[2025-02-27 16:43:14Z INFO HostContext] Configuring anonymous proxy http://127.0.0.1:2081/ for all HTTP requests.
[2025-02-27 16:43:14Z INFO HostContext] Configuring anonymous proxy http://127.0.0.1:2081/ for all HTTPS requests.
[2025-02-27 16:43:14Z INFO HostContext] Well known directory 'Bin': '/home/pooria/colorado/assignment-1-Pooria4484/bin'
[2025-02-27 16:43:14Z INFO HostContext] Well known directory 'Root': '/home/pooria/colorado/assignment-1-Pooria4484'
[2025-02-27 16:43:14Z INFO HostContext] Well known config file 'Credentials': '/home/pooria/colorado/assignment-1-Pooria4484/.credentials'
[2025-02-27 16:43:14Z INFO HostContext] Well known directory 'Bin': '/home/pooria/colorado/assignment-1-Pooria4484/bin'
[2025-02-27 16:43:14Z INFO HostContext] Well known directory 'Root': '/home/pooria/colorado/assignment-1-Pooria4484'
[2025-02-27 16:43:14Z INFO HostContext] Well known config file 'Runner': '/home/pooria/colorado/assignment-1-Pooria4484/.runner'
[2025-02-27 16:43:14Z INFO Listener] Runner is built for Linux (X64) - linux-x64.
[2025-02-27 16:43:14Z INFO Listener] RuntimeInformation: Ubuntu 22.04.4 LTS.
[2025-02-27 16:43:14Z INFO Listener] Version: 2.322.0
[2025-02-27 16:43:14Z INFO Listener] Commit: 0edc478ca75d0a753dcbcec7405f3f26db67b1ac
[2025-02-27 16:43:14Z INFO Listener] Culture: en-US
[2025-02-27 16:43:14Z INFO Listener] UI Culture: en-US
[2025-02-27 16:43:14Z INFO HostContext] Well known directory 'Bin': '/home/pooria/colorado/assignment-1-Pooria4484/bin'
[2025-02-27 16:43:14Z INFO HostContext] Well known directory 'Root': '/home/pooria/colorado/assignment-1-Pooria4484'
[2025-02-27 16:43:14Z INFO Listener] Validating directory permissions for: '/home/pooria/colorado/assignment-1-Pooria4484'
[2025-02-27 16:43:14Z INFO CommandLineParser] Parse
[2025-02-27 16:43:14Z INFO CommandLineParser] Parsing 1 args
[2025-02-27 16:43:14Z INFO CommandLineParser] parsing argument
[2025-02-27 16:43:14Z INFO CommandLineParser] HasArgs: False
[2025-02-27 16:43:14Z INFO CommandLineParser] Adding Command: run
[2025-02-27 16:43:14Z INFO Listener] Arguments parsed
[2025-02-27 16:43:14Z INFO Runner] ExecuteCommand
[2025-02-27 16:43:14Z INFO ConfigurationStore] currentAssemblyLocation: /home/pooria/colorado/assignment-1-Pooria4484/bin/Runner.Listener.dll
[2025-02-27 16:43:14Z INFO HostContext] Well known directory 'Bin': '/home/pooria/colorado/assignment-1-Pooria4484/bin'
[2025-02-27 16:43:14Z INFO ConfigurationStore] binPath: /home/pooria/colorado/assignment-1-Pooria4484/bin
[2025-02-27 16:43:14Z INFO HostContext] Well known directory 'Bin': '/home/pooria/colorado/assignment-1-Pooria4484/bin'
[2025-02-27 16:43:14Z INFO HostContext] Well known directory 'Root': '/home/pooria/colorado/assignment-1-Pooria4484'
[2025-02-27 16:43:14Z INFO ConfigurationStore] RootFolder: /home/pooria/colorado/assignment-1-Pooria4484
[2025-02-27 16:43:14Z INFO HostContext] Well known directory 'Bin': '/home/pooria/colorado/assignment-1-Pooria4484/bin'
[2025-02-27 16:43:14Z INFO HostContext] Well known directory 'Root': '/home/pooria/colorado/assignment-1-Pooria4484'
[2025-02-27 16:43:14Z INFO HostContext] Well known config file 'Runner': '/home/pooria/colorado/assignment-1-Pooria4484/.runner'
[2025-02-27 16:43:14Z INFO ConfigurationStore] ConfigFilePath: /home/pooria/colorado/assignment-1-Pooria4484/.runner
[2025-02-27 16:43:14Z INFO HostContext] Well known directory 'Bin': '/home/pooria/colorado/assignment-1-Pooria4484/bin'
[2025-02-27 16:43:14Z INFO HostContext] Well known directory 'Root': '/home/pooria/colorado/assignment-1-Pooria4484'
[2025-02-27 16:43:14Z INFO HostContext] Well known config file 'Credentials': '/home/pooria/colorado/assignment-1-Pooria4484/.credentials'
[2025-02-27 16:43:14Z INFO ConfigurationStore] CredFilePath: /home/pooria/colorado/assignment-1-Pooria4484/.credentials
[2025-02-27 16:43:14Z INFO HostContext] Well known directory 'Bin': '/home/pooria/colorado/assignment-1-Pooria4484/bin'
[2025-02-27 16:43:14Z INFO HostContext] Well known directory 'Root': '/home/pooria/colorado/assignment-1-Pooria4484'
[2025-02-27 16:43:14Z INFO HostContext] Well known config file 'MigratedCredentials': '/home/pooria/colorado/assignment-1-Pooria4484/.credentials_migrated'
[2025-02-27 16:43:14Z INFO ConfigurationStore] MigratedCredFilePath: /home/pooria/colorado/assignment-1-Pooria4484/.credentials_migrated
[2025-02-27 16:43:14Z INFO HostContext] Well known directory 'Bin': '/home/pooria/colorado/assignment-1-Pooria4484/bin'
[2025-02-27 16:43:14Z INFO HostContext] Well known directory 'Root': '/home/pooria/colorado/assignment-1-Pooria4484'
[2025-02-27 16:43:14Z INFO HostContext] Well known config file 'Service': '/home/pooria/colorado/assignment-1-Pooria4484/.service'
[2025-02-27 16:43:14Z INFO ConfigurationStore] ServiceConfigFilePath: /home/pooria/colorado/assignment-1-Pooria4484/.service
[2025-02-27 16:43:14Z INFO CommandSettings] Flag 'help': 'False'
[2025-02-27 16:43:14Z INFO CommandSettings] Flag 'version': 'False'
[2025-02-27 16:43:14Z INFO CommandSettings] Flag 'commit': 'False'
[2025-02-27 16:43:14Z INFO CommandSettings] Flag 'check': 'False'
[2025-02-27 16:43:14Z INFO CommandSettings] Command 'configure': 'False'
[2025-02-27 16:43:14Z INFO CommandSettings] Command 'remove': 'False'
[2025-02-27 16:43:14Z INFO CommandSettings] Command 'warmup': 'False'
[2025-02-27 16:43:14Z INFO ConfigurationManager] LoadSettings
[2025-02-27 16:43:14Z INFO ConfigurationStore] IsConfigured()
[2025-02-27 16:43:14Z INFO ConfigurationStore] IsConfigured: True
[2025-02-27 16:43:14Z INFO ConfigurationManager] Is configured: True
[2025-02-27 16:43:14Z INFO ConfigurationStore] Read setting file: 311 chars
[2025-02-27 16:43:14Z INFO ConfigurationManager] Settings Loaded
[2025-02-27 16:43:14Z INFO ConfigurationStore] IsServiceConfigured()
[2025-02-27 16:43:14Z INFO ConfigurationStore] IsServiceConfigured: False
[2025-02-27 16:43:14Z INFO CommandSettings] Command 'run': 'True'
[2025-02-27 16:43:14Z INFO ConfigurationStore] IsConfigured()
[2025-02-27 16:43:14Z INFO ConfigurationStore] IsConfigured: True
[2025-02-27 16:43:14Z INFO ConfigurationManager] Is configured: True
[2025-02-27 16:43:14Z INFO Runner] Could not parse the argument value '' for StartupType. Defaulting to Manual
[2025-02-27 16:43:14Z INFO Runner] Set runner startup type - Manual
[2025-02-27 16:43:14Z INFO CommandSettings] Flag 'once': 'False'
[2025-02-27 16:43:14Z INFO CommandSettings] Flag 'once': 'False'
[2025-02-27 16:43:14Z INFO Runner] RunAsync
[2025-02-27 16:43:14Z INFO ConfigurationManager] LoadSettings
[2025-02-27 16:43:14Z INFO ConfigurationStore] IsConfigured()
[2025-02-27 16:43:14Z INFO ConfigurationStore] IsConfigured: True
[2025-02-27 16:43:14Z INFO ConfigurationManager] Is configured: True
[2025-02-27 16:43:14Z INFO ConfigurationManager] Settings Loaded
[2025-02-27 16:43:14Z INFO MessageListener] {
  "AgentId": 2,
  "AgentName": "Pooria-PC",
  "PoolId": 1,
  "PoolName": "Default",
  "ServerUrl": "https://pipelinesghubeus4.actions.githubusercontent.com/GwnnAYgmHhtUSXV9N2cwBX6BgQM8d09LkZLk746XXNkYDXTsWr/",
  "GitHubUrl": "https://github.com/cu-ecen-aeld/assignment-1-Pooria4484",
  "WorkFolder": "_work"
}
[2025-02-27 16:43:14Z INFO MessageListener] Loading Credentials
[2025-02-27 16:43:14Z INFO ConfigurationStore] HasCredentials()
[2025-02-27 16:43:14Z INFO ConfigurationStore] stored True
[2025-02-27 16:43:14Z INFO CredentialManager] GetCredentialProvider
[2025-02-27 16:43:14Z INFO CredentialManager] Creating type OAuth
[2025-02-27 16:43:14Z INFO CredentialManager] Creating credential type: OAuth
[2025-02-27 16:43:14Z INFO HostContext] Well known directory 'Bin': '/home/pooria/colorado/assignment-1-Pooria4484/bin'
[2025-02-27 16:43:14Z INFO HostContext] Well known directory 'Root': '/home/pooria/colorado/assignment-1-Pooria4484'
[2025-02-27 16:43:14Z INFO HostContext] Well known config file 'RSACredentials': '/home/pooria/colorado/assignment-1-Pooria4484/.credentials_rsaparams'
[2025-02-27 16:43:14Z INFO RSAFileKeyManager] Loading RSA key parameters from file /home/pooria/colorado/assignment-1-Pooria4484/.credentials_rsaparams
[2025-02-27 16:43:14Z INFO MessageListener] Attempt to create session.
[2025-02-27 16:43:14Z INFO MessageListener] Connecting to the Runner Server...
[2025-02-27 16:43:14Z INFO RunnerServer] EstablishVssConnection
[2025-02-27 16:43:14Z INFO RunnerServer] Establish connection with 100 seconds timeout.
[2025-02-27 16:43:14Z INFO GitHubActionsService] Starting operation Location.GetConnectionData
[2025-02-27 16:43:15Z INFO RunnerServer] EstablishVssConnection
[2025-02-27 16:43:15Z INFO RunnerServer] Establish connection with 60 seconds timeout.
[2025-02-27 16:43:15Z INFO GitHubActionsService] Starting operation Location.GetConnectionData
[2025-02-27 16:43:15Z INFO RunnerServer] EstablishVssConnection
[2025-02-27 16:43:15Z INFO RunnerServer] Establish connection with 60 seconds timeout.
[2025-02-27 16:43:15Z INFO GitHubActionsService] Starting operation Location.GetConnectionData
[2025-02-27 16:43:16Z INFO GitHubActionsService] Finished operation Location.GetConnectionData
[2025-02-27 16:43:16Z INFO GitHubActionsService] Finished operation Location.GetConnectionData
[2025-02-27 16:43:16Z INFO GitHubActionsService] Finished operation Location.GetConnectionData
[2025-02-27 16:43:16Z INFO MessageListener] VssConnection created
[2025-02-27 16:43:16Z INFO Terminal] WRITE LINE: 
[2025-02-27 16:43:16Z INFO Terminal] WRITE LINE: 
[2025-02-27 16:43:16Z INFO RSAFileKeyManager] Loading RSA key parameters from file /home/pooria/colorado/assignment-1-Pooria4484/.credentials_rsaparams
[2025-02-27 16:43:16Z INFO RSAFileKeyManager] Loading RSA key parameters from file /home/pooria/colorado/assignment-1-Pooria4484/.credentials_rsaparams
[2025-02-27 16:43:17Z INFO GitHubActionsService] AAD Correlation ID for this token request: Unknown
[2025-02-27 16:43:18Z INFO MessageListener] Session created.
[2025-02-27 16:43:18Z INFO Terminal] WRITE LINE: Current runner version: '2.322.0'
[2025-02-27 16:43:18Z INFO Terminal] WRITE LINE: 2025-02-27 16:43:18Z: Listening for Jobs
[2025-02-27 16:43:18Z INFO JobDispatcher] Set runner/worker IPC timeout to 30 seconds.
[2025-02-27 16:43:18Z INFO RSAFileKeyManager] Loading RSA key parameters from file /home/pooria/colorado/assignment-1-Pooria4484/.credentials_rsaparams
[2025-02-27 16:43:19Z INFO GitHubActionsService] AAD Correlation ID for this token request: Unknown
[2025-02-27 16:44:53Z INFO Terminal] WRITE LINE: Exiting...
[2025-02-27 16:44:53Z INFO ConfigurationStore] IsServiceConfigured()
[2025-02-27 16:44:53Z INFO ConfigurationStore] IsServiceConfigured: False
[2025-02-27 16:44:53Z INFO HostContext] Runner will be shutdown for UserCancelled
[2025-02-27 16:44:53Z WARN GitHubActionsService] GET request to https://broker.actions.githubusercontent.com/message?sessionId=f0990146-2f78-4724-ae7b-63a14d05dcc3&status=Online&runnerVersion=2.322.0&os=Linux&architecture=X64&disableUpdate=false has been cancelled.
[2025-02-27 16:44:53Z ERR  BrokerServer] Catch exception during request
[2025-02-27 16:44:53Z ERR  BrokerServer] System.Threading.Tasks.TaskCanceledException: The operation was canceled.
 ---> System.Threading.Tasks.TaskCanceledException: The operation was canceled.
 ---> System.IO.IOException: Unable to read data from the transport connection: Operation canceled.
 ---> System.Net.Sockets.SocketException (125): Operation canceled
   --- End of inner exception stack trace ---
   at System.Net.Sockets.Socket.AwaitableSocketAsyncEventArgs.ThrowException(SocketError error, CancellationToken cancellationToken)
   at System.Net.Sockets.Socket.AwaitableSocketAsyncEventArgs.System.Threading.Tasks.Sources.IValueTaskSource<System.Int32>.GetResult(Int16 token)
   at System.Net.Http.HttpConnection.ReadAsync(Memory`1 destination)
   at System.Net.Http.HttpConnection.RawConnectionStream.ReadAsync(Memory`1 buffer, CancellationToken cancellationToken)
   at System.Runtime.CompilerServices.PoolingAsyncValueTaskMethodBuilder`1.StateMachineBox`1.System.Threading.Tasks.Sources.IValueTaskSource<TResult>.GetResult(Int16 token)
   at System.Net.Security.SslStream.EnsureFullTlsFrameAsync[TIOAdapter](CancellationToken cancellationToken, Int32 estimatedSize)
   at System.Runtime.CompilerServices.PoolingAsyncValueTaskMethodBuilder`1.StateMachineBox`1.System.Threading.Tasks.Sources.IValueTaskSource<TResult>.GetResult(Int16 token)
   at System.Net.Security.SslStream.ReadAsyncInternal[TIOAdapter](Memory`1 buffer, CancellationToken cancellationToken)
   at System.Runtime.CompilerServices.PoolingAsyncValueTaskMethodBuilder`1.StateMachineBox`1.System.Threading.Tasks.Sources.IValueTaskSource<TResult>.GetResult(Int16 token)
   at System.Net.Http.HttpConnection.SendAsync(HttpRequestMessage request, Boolean async, CancellationToken cancellationToken)
   --- End of inner exception stack trace ---
   at System.Net.Http.HttpConnection.SendAsync(HttpRequestMessage request, Boolean async, CancellationToken cancellationToken)
   at System.Net.Http.AuthenticationHelper.SendWithNtAuthAsync(HttpRequestMessage request, Uri authUri, Boolean async, ICredentials credentials, Boolean isProxyAuth, HttpConnection connection, HttpConnectionPool connectionPool, CancellationToken cancellationToken)
   at System.Net.Http.HttpConnectionPool.SendWithVersionDetectionAndRetryAsync(HttpRequestMessage request, Boolean async, Boolean doRequestAuth, CancellationToken cancellationToken)
   at System.Net.Http.AuthenticationHelper.SendWithAuthAsync(HttpRequestMessage request, Uri authUri, Boolean async, ICredentials credentials, Boolean preAuthenticate, Boolean isProxyAuth, Boolean doRequestAuth, HttpConnectionPool pool, CancellationToken cancellationToken)
   at System.Net.Http.RedirectHandler.SendAsync(HttpRequestMessage request, Boolean async, CancellationToken cancellationToken)
   at GitHub.Services.Common.RawHttpMessageHandler.SendAsync(HttpRequestMessage request, CancellationToken cancellationToken)
   at GitHub.Services.Common.VssHttpRetryMessageHandler.SendAsync(HttpRequestMessage request, CancellationToken cancellationToken)
   at System.Net.Http.HttpClient.<SendAsync>g__Core|83_0(HttpRequestMessage request, HttpCompletionOption completionOption, CancellationTokenSource cts, Boolean disposeCts, CancellationTokenSource pendingRequestsCts, CancellationToken originalCancellationToken)
   --- End of inner exception stack trace ---
   at System.Net.Http.HttpClient.HandleFailure(Exception e, Boolean telemetryStarted, HttpResponseMessage response, CancellationTokenSource cts, CancellationToken cancellationToken, CancellationTokenSource pendingRequestsCts)
   at System.Net.Http.HttpClient.<SendAsync>g__Core|83_0(HttpRequestMessage request, HttpCompletionOption completionOption, CancellationTokenSource cts, Boolean disposeCts, CancellationTokenSource pendingRequestsCts, CancellationToken originalCancellationToken)
   at Sdk.WebApi.WebApi.RawHttpClientBase.SendAsync(HttpRequestMessage message, HttpCompletionOption completionOption, Object userState, CancellationToken cancellationToken)
   at Sdk.WebApi.WebApi.RawHttpClientBase.SendAsync[T](HttpRequestMessage message, Boolean readErrorBody, Object userState, CancellationToken cancellationToken)
   at Sdk.WebApi.WebApi.RawHttpClientBase.SendAsync[T](HttpMethod method, IEnumerable`1 additionalHeaders, Uri requestUri, HttpContent content, IEnumerable`1 queryParameters, Boolean readErrorBody, Object userState, CancellationToken cancellationToken)
   at GitHub.Actions.RunService.WebApi.BrokerHttpClient.GetRunnerMessageAsync(Nullable`1 sessionId, String runnerVersion, Nullable`1 status, String os, String architecture, Nullable`1 disableUpdate, CancellationToken cancellationToken)
   at GitHub.Runner.Common.BrokerServer.<>c__DisplayClass7_0.<<GetRunnerMessageAsync>b__0>d.MoveNext()
--- End of stack trace from previous location ---
   at GitHub.Runner.Common.RunnerService.RetryRequest[T](Func`1 func, CancellationToken cancellationToken, Int32 maxRetryAttemptsCount, Func`2 shouldRetry)
[2025-02-27 16:44:53Z ERR  BrokerServer] #####################################################
[2025-02-27 16:44:53Z ERR  BrokerServer] System.Threading.Tasks.TaskCanceledException: The operation was canceled.
 ---> System.IO.IOException: Unable to read data from the transport connection: Operation canceled.
 ---> System.Net.Sockets.SocketException (125): Operation canceled
   --- End of inner exception stack trace ---
   at System.Net.Sockets.Socket.AwaitableSocketAsyncEventArgs.ThrowException(SocketError error, CancellationToken cancellationToken)
   at System.Net.Sockets.Socket.AwaitableSocketAsyncEventArgs.System.Threading.Tasks.Sources.IValueTaskSource<System.Int32>.GetResult(Int16 token)
   at System.Net.Http.HttpConnection.ReadAsync(Memory`1 destination)
   at System.Net.Http.HttpConnection.RawConnectionStream.ReadAsync(Memory`1 buffer, CancellationToken cancellationToken)
   at System.Runtime.CompilerServices.PoolingAsyncValueTaskMethodBuilder`1.StateMachineBox`1.System.Threading.Tasks.Sources.IValueTaskSource<TResult>.GetResult(Int16 token)
   at System.Net.Security.SslStream.EnsureFullTlsFrameAsync[TIOAdapter](CancellationToken cancellationToken, Int32 estimatedSize)
   at System.Runtime.CompilerServices.PoolingAsyncValueTaskMethodBuilder`1.StateMachineBox`1.System.Threading.Tasks.Sources.IValueTaskSource<TResult>.GetResult(Int16 token)
   at System.Net.Security.SslStream.ReadAsyncInternal[TIOAdapter](Memory`1 buffer, CancellationToken cancellationToken)
   at System.Runtime.CompilerServices.PoolingAsyncValueTaskMethodBuilder`1.StateMachineBox`1.System.Threading.Tasks.Sources.IValueTaskSource<TResult>.GetResult(Int16 token)
   at System.Net.Http.HttpConnection.SendAsync(HttpRequestMessage request, Boolean async, CancellationToken cancellationToken)
   --- End of inner exception stack trace ---
   at System.Net.Http.HttpConnection.SendAsync(HttpRequestMessage request, Boolean async, CancellationToken cancellationToken)
   at System.Net.Http.AuthenticationHelper.SendWithNtAuthAsync(HttpRequestMessage request, Uri authUri, Boolean async, ICredentials credentials, Boolean isProxyAuth, HttpConnection connection, HttpConnectionPool connectionPool, CancellationToken cancellationToken)
   at System.Net.Http.HttpConnectionPool.SendWithVersionDetectionAndRetryAsync(HttpRequestMessage request, Boolean async, Boolean doRequestAuth, CancellationToken cancellationToken)
   at System.Net.Http.AuthenticationHelper.SendWithAuthAsync(HttpRequestMessage request, Uri authUri, Boolean async, ICredentials credentials, Boolean preAuthenticate, Boolean isProxyAuth, Boolean doRequestAuth, HttpConnectionPool pool, CancellationToken cancellationToken)
   at System.Net.Http.RedirectHandler.SendAsync(HttpRequestMessage request, Boolean async, CancellationToken cancellationToken)
   at GitHub.Services.Common.RawHttpMessageHandler.SendAsync(HttpRequestMessage request, CancellationToken cancellationToken)
   at GitHub.Services.Common.VssHttpRetryMessageHandler.SendAsync(HttpRequestMessage request, CancellationToken cancellationToken)
   at System.Net.Http.HttpClient.<SendAsync>g__Core|83_0(HttpRequestMessage request, HttpCompletionOption completionOption, CancellationTokenSource cts, Boolean disposeCts, CancellationTokenSource pendingRequestsCts, CancellationToken originalCancellationToken)
[2025-02-27 16:44:53Z ERR  BrokerServer] #####################################################
[2025-02-27 16:44:53Z ERR  BrokerServer] System.IO.IOException: Unable to read data from the transport connection: Operation canceled.
 ---> System.Net.Sockets.SocketException (125): Operation canceled
   --- End of inner exception stack trace ---
   at System.Net.Sockets.Socket.AwaitableSocketAsyncEventArgs.ThrowException(SocketError error, CancellationToken cancellationToken)
   at System.Net.Sockets.Socket.AwaitableSocketAsyncEventArgs.System.Threading.Tasks.Sources.IValueTaskSource<System.Int32>.GetResult(Int16 token)
   at System.Net.Http.HttpConnection.ReadAsync(Memory`1 destination)
   at System.Net.Http.HttpConnection.RawConnectionStream.ReadAsync(Memory`1 buffer, CancellationToken cancellationToken)
   at System.Runtime.CompilerServices.PoolingAsyncValueTaskMethodBuilder`1.StateMachineBox`1.System.Threading.Tasks.Sources.IValueTaskSource<TResult>.GetResult(Int16 token)
   at System.Net.Security.SslStream.EnsureFullTlsFrameAsync[TIOAdapter](CancellationToken cancellationToken, Int32 estimatedSize)
   at System.Runtime.CompilerServices.PoolingAsyncValueTaskMethodBuilder`1.StateMachineBox`1.System.Threading.Tasks.Sources.IValueTaskSource<TResult>.GetResult(Int16 token)
   at System.Net.Security.SslStream.ReadAsyncInternal[TIOAdapter](Memory`1 buffer, CancellationToken cancellationToken)
   at System.Runtime.CompilerServices.PoolingAsyncValueTaskMethodBuilder`1.StateMachineBox`1.System.Threading.Tasks.Sources.IValueTaskSource<TResult>.GetResult(Int16 token)
   at System.Net.Http.HttpConnection.SendAsync(HttpRequestMessage request, Boolean async, CancellationToken cancellationToken)
[2025-02-27 16:44:53Z ERR  BrokerServer] #####################################################
[2025-02-27 16:44:53Z ERR  BrokerServer] System.Net.Sockets.SocketException (125): Operation canceled
[2025-02-27 16:44:53Z WARN BrokerServer] Back off 6.515 seconds before next retry. 4 attempt left.
[2025-02-27 16:44:53Z INFO MessageListener] Get next message has been cancelled.
[2025-02-27 16:44:53Z INFO JobDispatcher] Shutting down JobDispatcher. Make sure all WorkerDispatcher has finished.
[2025-02-27 16:44:53Z INFO Runner] Deleting Runner Session...
[2025-02-27 16:44:53Z INFO Listener] Runner execution been cancelled.
